<?xml version="1.0" encoding="UTF-8"?>
<!-- Generated by org.testng.reporters.JUnitXMLReporter -->
<testsuite hostname="ICPL11574" name="Default test" tests="3" failures="0" timestamp="4 Jun 2017 03:24:03 GMT" time="0.051" errors="0">
  <testcase name="OpenBrowser" time="0.014" classname="com.automation.test.Dependent"/>
  <testcase name="SignIn" time="0.003" classname="com.automation.test.Dependent"/>
  <testcase name="LogOut" time="0.004" classname="com.automation.test.Dependent"/>
</testsuite> <!-- Default test -->
